GPS: https://www.google.com/maps?q=24.76294056088423,-107.69819796290746
GPS: https://www.google.com/maps?q=24.76294056088423,-107.69819796290746
GPS: https://www.google.com/maps?q=24.762946958514654,-107.69819675993618
GPS: https://www.google.com/maps?q=24.76295513578501,-107.69819600000001
GPS: https://www.google.com/maps?q=24.76295513578501,-107.69819600000001
GPS: https://www.google.com/maps?q=24.76296,-107.698196
GPS: https://www.google.com/maps?q=24.762951,-107.69819599999998
GPS: https://www.google.com/maps?q=20.0782646,-98.7292415
GPS: https://www.google.com/maps?q=20.0782474,-98.7292628
GPS: https://www.google.com/maps?q=19.4924524,-99.1152788
GPS: https://www.google.com/maps?q=18.4215224,-68.9674283
GPS: https://www.google.com/maps?q=18.421524,-68.9674298
GPS: https://www.google.com/maps?q=18.4215261,-68.9674292
GPS: https://www.google.com/maps?q=18.4215257,-68.9674249
GPS: https://www.google.com/maps?q=18.4215269,-68.9674273
GPS: https://www.google.com/maps?q=18.4215298,-68.9674243
GPS: https://www.google.com/maps?q=18.4215265,-68.9674314
GPS: https://www.google.com/maps?q=-31.3092428,-64.4665232
GPS: https://www.google.com/maps?q=-33.5421833,-70.582145
GPS: https://www.google.com/maps?q=29.0600153,-110.9520215
GPS: https://www.google.com/maps?q=24.762962556294486,-107.69819568327786
Wed Jul  9 19:44:03 2025 | GPS | 20.651,-103.367 | https://www.google.com/maps?q=20.651,-103.367
Wed Jul  9 22:01:09 2025 | GPS | 20.651,-103.367 | https://www.google.com/maps?q=20.651,-103.367
Tue Jul 15 18:27:02 2025 | GPS | -2.2038,-79.8819 | https://www.google.com/maps?q=-2.2038,-79.8819
Tue Jul 15 18:28:43 2025 | GPS | -2.2038,-79.8819 | https://www.google.com/maps?q=-2.2038,-79.8819
Tue Jul 15 18:42:31 2025 | GPS | 20.651,-103.367 | Accuracy: N/Am | https://www.google.com/maps?q=20.651,-103.367
Tue Jul 15 18:43:54 2025 | GPS | -2.2038,-79.8819 | Accuracy: N/Am | https://www.google.com/maps?q=-2.2038,-79.8819
[Tue Jul 15 19:33:17 2025] GPS: 0.3512,-78.1178 | Accuracy: 20m | Maps: https://www.google.com/maps?q=0.3512,-78.1178
[Tue Jul 15 19:42:01 2025] GPS: 0.3512,-78.1178 | Accuracy: 20m | Maps: https://www.google.com/maps?q=0.3512,-78.1178
[Tue Jul 15 19:44:20 2025] GPS: 0.3512,-78.1178 | Accuracy: 20m | Maps: https://www.google.com/maps?q=0.3512,-78.1178
Tue Jul 15 20:35:48 2025 | GPS | 0.3512,-78.1178 | https://www.google.com/maps?q=0.3512,-78.1178
