
=== Victim ===
GEO RIPPER - RIP
(CEL) 5
Dead by: kill
IP: 2806:269:48c:676:f8dd:3c67:46f5:3722
ISP: Mega Cable, S.A. de C.V.
Location: Culiacán, Sinaloa
Coordinates: 24.6165, -107.3915
Time: 2025-07-15 21:09:13
Browser: Mozilla/5.0 (X11; Linux x86_64; rv:128.0) Gecko/20100101 Firefox/128.0
GPS: https://www.google.com/maps?q=20.651,-103.367
Accuracy: N/Am
Source: GPS
========================================

=== Victim ===
GEO RIPPER - RIP
(CEL) +1 (849) 514-2118
Dead by: JCQ
IP: 2001:1308:28f0:2b00:ed96:8fd7:73cf:af44
ISP: Compañía Dominicana de Teléfonos S. A.
Location: Santo Domingo, Nacional
Coordinates: 18.4615, -69.8965
Time: 2025-07-16 15:01:13
Browser: Mozilla/5.0 (Linux; Android 10; K) AppleWebKit/537.36 (KHTML, like Gecko) Chrome/138.0.0.0 Mobile Safari/537.36
GPS: https://www.google.com/maps?q=18.4215248,-68.9674292
Accuracy: N/Am
Source: GPS
========================================
